<?xml version="1.0" encoding="UTF-8"?>
<testng-results ignored="1" total="3" passed="2" failed="0" skipped="0">
  <reporter-output>
  </reporter-output>
  <suite started-at="2022-08-25T19:11:36Z" name="Suite" finished-at="2022-08-25T19:11:40Z" duration-ms="4772">
    <groups>
    </groups>
    <test started-at="2022-08-25T19:11:36Z" name="Test" finished-at="2022-08-25T19:11:40Z" duration-ms="4772">
      <class name="test.HomePageTest">
        <test-method is-config="true" signature="setup()[pri:0, instance:test.HomePageTest@1de76cc7]" started-at="2022-08-25T15:11:28Z" name="setup" finished-at="2022-08-25T15:11:36Z" duration-ms="7261" status="PASS">
          <reporter-output>
          </reporter-output>
        </test-method> <!-- setup -->
        <test-method signature="homepagetest()[pri:0, instance:test.HomePageTest@1de76cc7]" started-at="2022-08-25T15:11:36Z" name="homepagetest" finished-at="2022-08-25T15:11:37Z" duration-ms="1140" status="PASS">
          <reporter-output>
          </reporter-output>
        </test-method> <!-- homepagetest -->
      </class> <!-- test.HomePageTest -->
      <class name="test.CreatNewAccountTest">
        <test-method signature="cnapage()[pri:0, instance:test.CreatNewAccountTest@54bff557]" started-at="2022-08-25T15:11:37Z" name="cnapage" finished-at="2022-08-25T15:11:40Z" duration-ms="3612" status="PASS">
          <reporter-output>
          </reporter-output>
        </test-method> <!-- cnapage -->
      </class> <!-- test.CreatNewAccountTest -->
    </test> <!-- Test -->
  </suite> <!-- Suite -->
</testng-results>
