<?xml version="1.0" encoding="UTF-8"?>
<!-- Generated by org.testng.reporters.JUnitXMLReporter -->
<testsuite ignored="1" hostname="Minhazuls-MacBook-Air.local" failures="0" tests="2" name="Test" time="4.772" errors="0" timestamp="25 Aug 2022 19:11:41 GMT">
  <testcase classname="test.HomePageTest" name="homepagetest" time="1.14"/>
  <testcase classname="test.CreatNewAccountTest" name="cnapage" time="3.612"/>
  <testcase classname="test.BaseTest" name="@BeforeSuite setup" time="0.0">
    <ignored/>
  </testcase> <!-- @BeforeSuite setup -->
</testsuite> <!-- Test -->
